<?xml version="1.0" encoding="UTF-8"?>
<!-- Generated by org.testng.reporters.JUnitXMLReporter -->
<testsuite hostname="DESKTOP-0U2PI30" name="TestsForValidCreditials" tests="6" failures="0" timestamp="27 Aug 2022 10:18:30 GMT" time="91.373" errors="0">
  <testcase name="loginTest" time="10.331" classname="testcases.LoginTest"/>
  <testcase name="loginTest" time="14.537" classname="testcases.LoginTest"/>
  <testcase name="loginTest" time="14.528" classname="testcases.LoginTest"/>
  <testcase name="testDemoGuruCredentialsGettingTest" time="28.956" classname="testcases.DemoGuruCredentialsGettingTest"/>
  <testcase name="testDemoGuruCredentialsGettingTest" time="4.121" classname="testcases.DemoGuruCredentialsGettingTest"/>
  <testcase name="testDemoGuruCredentialsGettingTest" time="3.772" classname="testcases.DemoGuruCredentialsGettingTest"/>
</testsuite> <!-- TestsForValidCreditials -->
